<?xml version="1.0" encoding="UTF-8"?>
<testsuite xmlns:xsi="http://www.w3.org/2001/XMLSchema-instance" xsi:noNamespaceSchemaLocation="https://maven.apache.org/surefire/maven-surefire-plugin/xsd/surefire-test-report.xsd" name="de.htwberlin.paymentService.unitTests.PaymentServiceTests" time="8.062" tests="17" errors="0" skipped="0" failures="0">
  <properties>
[...]
</properties>
  <testcase name="getPaymentsByOrderIdWithTwoValidOrdersTest" classname="de.htwberlin.paymentService.unitTests.PaymentServiceTests" time="0.054"/>
  <testcase name="createPaymentWithNegativeAmountTest" classname="de.htwberlin.paymentService.unitTests.PaymentServiceTests" time="0.009"/>
  <testcase name="createPaymentWithExistingPaymentIdTest" classname="de.htwberlin.paymentService.unitTests.PaymentServiceTests" time="0.004"/>
  <testcase name="getPaymentsByOrderIdValidOrderTest" classname="de.htwberlin.paymentService.unitTests.PaymentServiceTests" time="0.004"/>
  <testcase name="getPaymentsByOrderIdWithNullOrderIdTest" classname="de.htwberlin.paymentService.unitTests.PaymentServiceTests" time="0.004"/>
  <testcase name="createValidPaymentTest" classname="de.htwberlin.paymentService.unitTests.PaymentServiceTests" time="0.006"/>
  <testcase name="updatePaymentStatusOnlyCallsRepositoryOnceTest" classname="de.htwberlin.paymentService.unitTests.PaymentServiceTests" time="0.006"/>
  <testcase name="getPaymentsByOrderIdWithInvalidOrderIdTest" classname="de.htwberlin.paymentService.unitTests.PaymentServiceTests" time="0.005"/>
  <testcase name="createPaymentWithNullPaymentIdTest" classname="de.htwberlin.paymentService.unitTests.PaymentServiceTests" time="0.003"/>
  <testcase name="createPaymentWithNullAmountTest" classname="de.htwberlin.paymentService.unitTests.PaymentServiceTests" time="0.004"/>
  <testcase name="updatePaymentStatusSuccessTest" classname="de.htwberlin.paymentService.unitTests.PaymentServiceTests" time="0.098"/>
  <testcase name="updatePaymentStatusWithRepositoryExceptionTest" classname="de.htwberlin.paymentService.unitTests.PaymentServiceTests" time="0.006"/>
  <testcase name="createPaymentWithNullOrderIdTest" classname="de.htwberlin.paymentService.unitTests.PaymentServiceTests" time="0.004"/>
  <testcase name="updatePaymentStatusWithPaymentIdNullTest" classname="de.htwberlin.paymentService.unitTests.PaymentServiceTests" time="0.003"/>
  <testcase name="updatePaymentStatusWithStatusNullTest" classname="de.htwberlin.paymentService.unitTests.PaymentServiceTests" time="0.006"/>
  <testcase name="updatePaymentStatusPaymentIdNotFoundTest" classname="de.htwberlin.paymentService.unitTests.PaymentServiceTests" time="0.006"/>
  <testcase name="updatePaymentStatus_ReturnsPaymentWithUpdatedStatusTest" classname="de.htwberlin.paymentService.unitTests.PaymentServiceTests" time="0.013"/>
</testsuite>